INFO: Gathering list of files to archive
INFO: Creating new tar archive 000000.tar
INFO: Archiving E3SMv2_NDGUVTQ_SRF1_tau6_3hourly_200701010000-200712312100.nc
INFO: Archiving E3SMv2_NDGUVTQ_SRF1_tau6_3hourly_200801010000-200812312100.nc
INFO: Archiving E3SMv2_NDGUVTQ_SRF1_tau6_3hourly_200901010000-200912312100.nc
INFO: Archiving E3SMv2_NDGUVTQ_SRF1_tau6_3hourly_201001010000-201012312100.nc
INFO: Archiving E3SMv2_NDGUVTQ_SRF1_tau6_3hourly_201101010000-201112312100.nc
INFO: Archiving E3SMv2_NDGUVTQ_SRF1_tau6_3hourly_201201010000-201212312100.nc
INFO: Archiving E3SMv2_NDGUVTQ_SRF1_tau6_3hourly_201301010000-201312312100.nc
INFO: Archiving E3SMv2_NDGUVTQ_SRF1_tau6_3hourly_201401010000-201412312100.nc
INFO: Archiving E3SMv2_NDGUVTQ_SRF1_tau6_3hourly_201501010000-201512312100.nc
INFO: Archiving E3SMv2_NDGUVTQ_SRF1_tau6_3hourly_201601010000-201612312100.nc
INFO: Archiving E3SMv2_NDGUVTQ_SRF1_tau6_3hourly_201701010000-201712312100.nc
INFO: Archiving E3SMv2_NDGUVTQ_SRF2_tau6_3hourly_200701010000-200712312100.nc
INFO: Archiving E3SMv2_NDGUVTQ_SRF2_tau6_3hourly_200801010000-200812312100.nc
INFO: Archiving E3SMv2_NDGUVTQ_SRF2_tau6_3hourly_200901010000-200912312100.nc
INFO: Archiving E3SMv2_NDGUVTQ_SRF2_tau6_3hourly_201001010000-201012312100.nc
INFO: Archiving E3SMv2_NDGUVTQ_SRF2_tau6_3hourly_201101010000-201112312100.nc
INFO: Archiving E3SMv2_NDGUVTQ_SRF2_tau6_3hourly_201201010000-201212312100.nc
INFO: Archiving E3SMv2_NDGUVTQ_SRF2_tau6_3hourly_201301010000-201312312100.nc
INFO: Archiving E3SMv2_NDGUVTQ_SRF2_tau6_3hourly_201401010000-201412312100.nc
INFO: Archiving E3SMv2_NDGUVTQ_SRF2_tau6_3hourly_201501010000-201512312100.nc
INFO: Archiving E3SMv2_NDGUVTQ_SRF2_tau6_3hourly_201601010000-201612312100.nc
INFO: Archiving E3SMv2_NDGUVTQ_SRF2_tau6_3hourly_201701010000-201712312100.nc
INFO: Archiving E3SMv2_NDGUVTQ_tau6_3hourly_200701010000-200712312100.nc
INFO: Archiving E3SMv2_NDGUVTQ_tau6_3hourly_200801010000-200812312100.nc
INFO: Archiving E3SMv2_NDGUVTQ_tau6_3hourly_200901010000-200912312100.nc
INFO: Archiving E3SMv2_NDGUVTQ_tau6_3hourly_201001010000-201012312100.nc
INFO: Archiving E3SMv2_NDGUVTQ_tau6_3hourly_201101010000-201112312100.nc
INFO: Archiving E3SMv2_NDGUVTQ_tau6_3hourly_201201010000-201212312100.nc
INFO: Archiving E3SMv2_NDGUVTQ_tau6_3hourly_201301010000-201312312100.nc
INFO: Archiving E3SMv2_NDGUVTQ_tau6_3hourly_201401010000-201412312100.nc
INFO: Archiving E3SMv2_NDGUVTQ_tau6_3hourly_201501010000-201512312100.nc
INFO: Archiving E3SMv2_NDGUVTQ_tau6_3hourly_201601010000-201612312100.nc
INFO: Archiving E3SMv2_NDGUVTQ_tau6_3hourly_201701010000-201712312100.nc
INFO: Archiving E3SMv2_NDGUVT_tau6_3hourly_200701010000-200712312100.nc
INFO: Archiving E3SMv2_NDGUVT_tau6_3hourly_200801010000-200812312100.nc
INFO: Archiving E3SMv2_NDGUVT_tau6_3hourly_200901010000-200912312100.nc
INFO: Archiving E3SMv2_NDGUVT_tau6_3hourly_201001010000-201012312100.nc
INFO: Archiving E3SMv2_NDGUVT_tau6_3hourly_201101010000-201112312100.nc
INFO: Archiving E3SMv2_NDGUVT_tau6_3hourly_201201010000-201212312100.nc
INFO: Archiving E3SMv2_NDGUVT_tau6_3hourly_201301010000-201312312100.nc
INFO: Archiving E3SMv2_NDGUVT_tau6_3hourly_201401010000-201412312100.nc
INFO: Archiving E3SMv2_NDGUVT_tau6_3hourly_201501010000-201512312100.nc
INFO: Archiving E3SMv2_NDGUVT_tau6_3hourly_201601010000-201612312100.nc
INFO: Archiving E3SMv2_NDGUVT_tau6_3hourly_201701010000-201712312100.nc
INFO: Archiving E3SMv2_NDGUV_tau6_3hourly_200701010000-200712312100.nc
INFO: Archiving E3SMv2_NDGUV_tau6_3hourly_200801010000-200812312100.nc
INFO: Archiving E3SMv2_NDGUV_tau6_3hourly_200901010000-200912312100.nc
INFO: Archiving E3SMv2_NDGUV_tau6_3hourly_201001010000-201012312100.nc
INFO: Archiving E3SMv2_NDGUV_tau6_3hourly_201101010000-201112312100.nc
INFO: Archiving E3SMv2_NDGUV_tau6_3hourly_201201010000-201212312100.nc
INFO: Archiving E3SMv2_NDGUV_tau6_3hourly_201301010000-201312312100.nc
INFO: Archiving E3SMv2_NDGUV_tau6_3hourly_201401010000-201412312100.nc
INFO: Archiving E3SMv2_NDGUV_tau6_3hourly_201501010000-201512312100.nc
INFO: Archiving E3SMv2_NDGUV_tau6_3hourly_201601010000-201612312100.nc
INFO: Archiving E3SMv2_NDGUV_tau6_3hourly_201701010000-201712312100.nc
INFO: Archiving zstash_create.log
INFO: tar name=000000.tar, tar size=48567828480, tar md5=e5d4495d7f4836a37e666742fc9b3121
INFO: Transferring file to HPSS: zstash/000000.tar
INFO: Transferring file to HPSS: zstash/index.db
