nohup: ignoring input
rm: cannot remove '../fig_data/CLIM30ML_PSL_1979-2014.nc': No such file or directory
rm: cannot remove '../fig_data/CLIM30ML_UBOT_1979-2014.nc': No such file or directory
 Copyright (C) 1995-2019 - All Rights Reserved
 University Corporation for Atmospheric Research
 NCAR Command Language Version 6.6.2
 The use of this software is governed by a License Agreement.
 See http://www.ncl.ucar.edu/ for more details.


Variable: flm
Type: string
Total Size: 288 bytes
            36 values
Number of Dimensions: 1
Dimensions and sizes:	[36]
Coordinates: 
(0)	/anvil/scratch/x-szhang3/data_240x120/CLIM30ML/monthly/CLIM30ML.sfc.1979.nc
(1)	/anvil/scratch/x-szhang3/data_240x120/CLIM30ML/monthly/CLIM30ML.sfc.1980.nc
(2)	/anvil/scratch/x-szhang3/data_240x120/CLIM30ML/monthly/CLIM30ML.sfc.1981.nc
(3)	/anvil/scratch/x-szhang3/data_240x120/CLIM30ML/monthly/CLIM30ML.sfc.1982.nc
(4)	/anvil/scratch/x-szhang3/data_240x120/CLIM30ML/monthly/CLIM30ML.sfc.1983.nc
(5)	/anvil/scratch/x-szhang3/data_240x120/CLIM30ML/monthly/CLIM30ML.sfc.1984.nc
(6)	/anvil/scratch/x-szhang3/data_240x120/CLIM30ML/monthly/CLIM30ML.sfc.1985.nc
(7)	/anvil/scratch/x-szhang3/data_240x120/CLIM30ML/monthly/CLIM30ML.sfc.1986.nc
(8)	/anvil/scratch/x-szhang3/data_240x120/CLIM30ML/monthly/CLIM30ML.sfc.1987.nc
(9)	/anvil/scratch/x-szhang3/data_240x120/CLIM30ML/monthly/CLIM30ML.sfc.1988.nc
(10)	/anvil/scratch/x-szhang3/data_240x120/CLIM30ML/monthly/CLIM30ML.sfc.1989.nc
(11)	/anvil/scratch/x-szhang3/data_240x120/CLIM30ML/monthly/CLIM30ML.sfc.1990.nc
(12)	/anvil/scratch/x-szhang3/data_240x120/CLIM30ML/monthly/CLIM30ML.sfc.1991.nc
(13)	/anvil/scratch/x-szhang3/data_240x120/CLIM30ML/monthly/CLIM30ML.sfc.1992.nc
(14)	/anvil/scratch/x-szhang3/data_240x120/CLIM30ML/monthly/CLIM30ML.sfc.1993.nc
(15)	/anvil/scratch/x-szhang3/data_240x120/CLIM30ML/monthly/CLIM30ML.sfc.1994.nc
(16)	/anvil/scratch/x-szhang3/data_240x120/CLIM30ML/monthly/CLIM30ML.sfc.1995.nc
(17)	/anvil/scratch/x-szhang3/data_240x120/CLIM30ML/monthly/CLIM30ML.sfc.1996.nc
(18)	/anvil/scratch/x-szhang3/data_240x120/CLIM30ML/monthly/CLIM30ML.sfc.1997.nc
(19)	/anvil/scratch/x-szhang3/data_240x120/CLIM30ML/monthly/CLIM30ML.sfc.1998.nc
(20)	/anvil/scratch/x-szhang3/data_240x120/CLIM30ML/monthly/CLIM30ML.sfc.1999.nc
(21)	/anvil/scratch/x-szhang3/data_240x120/CLIM30ML/monthly/CLIM30ML.sfc.2000.nc
(22)	/anvil/scratch/x-szhang3/data_240x120/CLIM30ML/monthly/CLIM30ML.sfc.2001.nc
(23)	/anvil/scratch/x-szhang3/data_240x120/CLIM30ML/monthly/CLIM30ML.sfc.2002.nc
(24)	/anvil/scratch/x-szhang3/data_240x120/CLIM30ML/monthly/CLIM30ML.sfc.2003.nc
(25)	/anvil/scratch/x-szhang3/data_240x120/CLIM30ML/monthly/CLIM30ML.sfc.2004.nc
(26)	/anvil/scratch/x-szhang3/data_240x120/CLIM30ML/monthly/CLIM30ML.sfc.2005.nc
(27)	/anvil/scratch/x-szhang3/data_240x120/CLIM30ML/monthly/CLIM30ML.sfc.2006.nc
(28)	/anvil/scratch/x-szhang3/data_240x120/CLIM30ML/monthly/CLIM30ML.sfc.2007.nc
(29)	/anvil/scratch/x-szhang3/data_240x120/CLIM30ML/monthly/CLIM30ML.sfc.2008.nc
(30)	/anvil/scratch/x-szhang3/data_240x120/CLIM30ML/monthly/CLIM30ML.sfc.2009.nc
(31)	/anvil/scratch/x-szhang3/data_240x120/CLIM30ML/monthly/CLIM30ML.sfc.2010.nc
(32)	/anvil/scratch/x-szhang3/data_240x120/CLIM30ML/monthly/CLIM30ML.sfc.2011.nc
(33)	/anvil/scratch/x-szhang3/data_240x120/CLIM30ML/monthly/CLIM30ML.sfc.2012.nc
(34)	/anvil/scratch/x-szhang3/data_240x120/CLIM30ML/monthly/CLIM30ML.sfc.2013.nc
(35)	/anvil/scratch/x-szhang3/data_240x120/CLIM30ML/monthly/CLIM30ML.sfc.2014.nc


Variable: flm
Type: string
Total Size: 288 bytes
            36 values
Number of Dimensions: 1
Dimensions and sizes:	[36]
Coordinates: 
(0)	/anvil/scratch/x-szhang3/data_240x120/CLIM30ML/monthly/CLIM30ML.sfc.1979.nc
(1)	/anvil/scratch/x-szhang3/data_240x120/CLIM30ML/monthly/CLIM30ML.sfc.1980.nc
(2)	/anvil/scratch/x-szhang3/data_240x120/CLIM30ML/monthly/CLIM30ML.sfc.1981.nc
(3)	/anvil/scratch/x-szhang3/data_240x120/CLIM30ML/monthly/CLIM30ML.sfc.1982.nc
(4)	/anvil/scratch/x-szhang3/data_240x120/CLIM30ML/monthly/CLIM30ML.sfc.1983.nc
(5)	/anvil/scratch/x-szhang3/data_240x120/CLIM30ML/monthly/CLIM30ML.sfc.1984.nc
(6)	/anvil/scratch/x-szhang3/data_240x120/CLIM30ML/monthly/CLIM30ML.sfc.1985.nc
(7)	/anvil/scratch/x-szhang3/data_240x120/CLIM30ML/monthly/CLIM30ML.sfc.1986.nc
(8)	/anvil/scratch/x-szhang3/data_240x120/CLIM30ML/monthly/CLIM30ML.sfc.1987.nc
(9)	/anvil/scratch/x-szhang3/data_240x120/CLIM30ML/monthly/CLIM30ML.sfc.1988.nc
(10)	/anvil/scratch/x-szhang3/data_240x120/CLIM30ML/monthly/CLIM30ML.sfc.1989.nc
(11)	/anvil/scratch/x-szhang3/data_240x120/CLIM30ML/monthly/CLIM30ML.sfc.1990.nc
(12)	/anvil/scratch/x-szhang3/data_240x120/CLIM30ML/monthly/CLIM30ML.sfc.1991.nc
(13)	/anvil/scratch/x-szhang3/data_240x120/CLIM30ML/monthly/CLIM30ML.sfc.1992.nc
(14)	/anvil/scratch/x-szhang3/data_240x120/CLIM30ML/monthly/CLIM30ML.sfc.1993.nc
(15)	/anvil/scratch/x-szhang3/data_240x120/CLIM30ML/monthly/CLIM30ML.sfc.1994.nc
(16)	/anvil/scratch/x-szhang3/data_240x120/CLIM30ML/monthly/CLIM30ML.sfc.1995.nc
(17)	/anvil/scratch/x-szhang3/data_240x120/CLIM30ML/monthly/CLIM30ML.sfc.1996.nc
(18)	/anvil/scratch/x-szhang3/data_240x120/CLIM30ML/monthly/CLIM30ML.sfc.1997.nc
(19)	/anvil/scratch/x-szhang3/data_240x120/CLIM30ML/monthly/CLIM30ML.sfc.1998.nc
(20)	/anvil/scratch/x-szhang3/data_240x120/CLIM30ML/monthly/CLIM30ML.sfc.1999.nc
(21)	/anvil/scratch/x-szhang3/data_240x120/CLIM30ML/monthly/CLIM30ML.sfc.2000.nc
(22)	/anvil/scratch/x-szhang3/data_240x120/CLIM30ML/monthly/CLIM30ML.sfc.2001.nc
(23)	/anvil/scratch/x-szhang3/data_240x120/CLIM30ML/monthly/CLIM30ML.sfc.2002.nc
(24)	/anvil/scratch/x-szhang3/data_240x120/CLIM30ML/monthly/CLIM30ML.sfc.2003.nc
(25)	/anvil/scratch/x-szhang3/data_240x120/CLIM30ML/monthly/CLIM30ML.sfc.2004.nc
(26)	/anvil/scratch/x-szhang3/data_240x120/CLIM30ML/monthly/CLIM30ML.sfc.2005.nc
(27)	/anvil/scratch/x-szhang3/data_240x120/CLIM30ML/monthly/CLIM30ML.sfc.2006.nc
(28)	/anvil/scratch/x-szhang3/data_240x120/CLIM30ML/monthly/CLIM30ML.sfc.2007.nc
(29)	/anvil/scratch/x-szhang3/data_240x120/CLIM30ML/monthly/CLIM30ML.sfc.2008.nc
(30)	/anvil/scratch/x-szhang3/data_240x120/CLIM30ML/monthly/CLIM30ML.sfc.2009.nc
(31)	/anvil/scratch/x-szhang3/data_240x120/CLIM30ML/monthly/CLIM30ML.sfc.2010.nc
(32)	/anvil/scratch/x-szhang3/data_240x120/CLIM30ML/monthly/CLIM30ML.sfc.2011.nc
(33)	/anvil/scratch/x-szhang3/data_240x120/CLIM30ML/monthly/CLIM30ML.sfc.2012.nc
(34)	/anvil/scratch/x-szhang3/data_240x120/CLIM30ML/monthly/CLIM30ML.sfc.2013.nc
(35)	/anvil/scratch/x-szhang3/data_240x120/CLIM30ML/monthly/CLIM30ML.sfc.2014.nc


Variable: flm
Type: string
Total Size: 288 bytes
            36 values
Number of Dimensions: 1
Dimensions and sizes:	[36]
Coordinates: 
(0)	/anvil/scratch/x-szhang3/data_240x120/CLIM30ML/monthly/CLIM30ML.sfc.1979.nc
(1)	/anvil/scratch/x-szhang3/data_240x120/CLIM30ML/monthly/CLIM30ML.sfc.1980.nc
(2)	/anvil/scratch/x-szhang3/data_240x120/CLIM30ML/monthly/CLIM30ML.sfc.1981.nc
(3)	/anvil/scratch/x-szhang3/data_240x120/CLIM30ML/monthly/CLIM30ML.sfc.1982.nc
(4)	/anvil/scratch/x-szhang3/data_240x120/CLIM30ML/monthly/CLIM30ML.sfc.1983.nc
(5)	/anvil/scratch/x-szhang3/data_240x120/CLIM30ML/monthly/CLIM30ML.sfc.1984.nc
(6)	/anvil/scratch/x-szhang3/data_240x120/CLIM30ML/monthly/CLIM30ML.sfc.1985.nc
(7)	/anvil/scratch/x-szhang3/data_240x120/CLIM30ML/monthly/CLIM30ML.sfc.1986.nc
(8)	/anvil/scratch/x-szhang3/data_240x120/CLIM30ML/monthly/CLIM30ML.sfc.1987.nc
(9)	/anvil/scratch/x-szhang3/data_240x120/CLIM30ML/monthly/CLIM30ML.sfc.1988.nc
(10)	/anvil/scratch/x-szhang3/data_240x120/CLIM30ML/monthly/CLIM30ML.sfc.1989.nc
(11)	/anvil/scratch/x-szhang3/data_240x120/CLIM30ML/monthly/CLIM30ML.sfc.1990.nc
(12)	/anvil/scratch/x-szhang3/data_240x120/CLIM30ML/monthly/CLIM30ML.sfc.1991.nc
(13)	/anvil/scratch/x-szhang3/data_240x120/CLIM30ML/monthly/CLIM30ML.sfc.1992.nc
(14)	/anvil/scratch/x-szhang3/data_240x120/CLIM30ML/monthly/CLIM30ML.sfc.1993.nc
(15)	/anvil/scratch/x-szhang3/data_240x120/CLIM30ML/monthly/CLIM30ML.sfc.1994.nc
(16)	/anvil/scratch/x-szhang3/data_240x120/CLIM30ML/monthly/CLIM30ML.sfc.1995.nc
(17)	/anvil/scratch/x-szhang3/data_240x120/CLIM30ML/monthly/CLIM30ML.sfc.1996.nc
(18)	/anvil/scratch/x-szhang3/data_240x120/CLIM30ML/monthly/CLIM30ML.sfc.1997.nc
(19)	/anvil/scratch/x-szhang3/data_240x120/CLIM30ML/monthly/CLIM30ML.sfc.1998.nc
(20)	/anvil/scratch/x-szhang3/data_240x120/CLIM30ML/monthly/CLIM30ML.sfc.1999.nc
(21)	/anvil/scratch/x-szhang3/darm: cannot remove '../fig_data/CLIM30ML_VBOT_1979-2014.nc': No such file or directory
rm: cannot remove '../fig_data/CLIM30ML_QBOT_1979-2014.nc': No such file or directory
rm: cannot remove '../fig_data/CLIM30ML_TBOT_1979-2014.nc': No such file or directory
ta_240x120/CLIM30ML/monthly/CLIM30ML.sfc.2000.nc
(22)	/anvil/scratch/x-szhang3/data_240x120/CLIM30ML/monthly/CLIM30ML.sfc.2001.nc
(23)	/anvil/scratch/x-szhang3/data_240x120/CLIM30ML/monthly/CLIM30ML.sfc.2002.nc
(24)	/anvil/scratch/x-szhang3/data_240x120/CLIM30ML/monthly/CLIM30ML.sfc.2003.nc
(25)	/anvil/scratch/x-szhang3/data_240x120/CLIM30ML/monthly/CLIM30ML.sfc.2004.nc
(26)	/anvil/scratch/x-szhang3/data_240x120/CLIM30ML/monthly/CLIM30ML.sfc.2005.nc
(27)	/anvil/scratch/x-szhang3/data_240x120/CLIM30ML/monthly/CLIM30ML.sfc.2006.nc
(28)	/anvil/scratch/x-szhang3/data_240x120/CLIM30ML/monthly/CLIM30ML.sfc.2007.nc
(29)	/anvil/scratch/x-szhang3/data_240x120/CLIM30ML/monthly/CLIM30ML.sfc.2008.nc
(30)	/anvil/scratch/x-szhang3/data_240x120/CLIM30ML/monthly/CLIM30ML.sfc.2009.nc
(31)	/anvil/scratch/x-szhang3/data_240x120/CLIM30ML/monthly/CLIM30ML.sfc.2010.nc
(32)	/anvil/scratch/x-szhang3/data_240x120/CLIM30ML/monthly/CLIM30ML.sfc.2011.nc
(33)	/anvil/scratch/x-szhang3/data_240x120/CLIM30ML/monthly/CLIM30ML.sfc.2012.nc
(34)	/anvil/scratch/x-szhang3/data_240x120/CLIM30ML/monthly/CLIM30ML.sfc.2013.nc
(35)	/anvil/scratch/x-szhang3/data_240x120/CLIM30ML/monthly/CLIM30ML.sfc.2014.nc


Variable: flm
Type: string
Total Size: 288 bytes
            36 values
Number of Dimensions: 1
Dimensions and sizes:	[36]
Coordinates: 
(0)	/anvil/scratch/x-szhang3/data_240x120/CLIM30ML/monthly/CLIM30ML.sfc.1979.nc
(1)	/anvil/scratch/x-szhang3/data_240x120/CLIM30ML/monthly/CLIM30ML.sfc.1980.nc
(2)	/anvil/scratch/x-szhang3/data_240x120/CLIM30ML/monthly/CLIM30ML.sfc.1981.nc
(3)	/anvil/scratch/x-szhang3/data_240x120/CLIM30ML/monthly/CLIM30ML.sfc.1982.nc
(4)	/anvil/scratch/x-szhang3/data_240x120/CLIM30ML/monthly/CLIM30ML.sfc.1983.nc
(5)	/anvil/scratch/x-szhang3/data_240x120/CLIM30ML/monthly/CLIM30ML.sfc.1984.nc
(6)	/anvil/scratch/x-szhang3/data_240x120/CLIM30ML/monthly/CLIM30ML.sfc.1985.nc
(7)	/anvil/scratch/x-szhang3/data_240x120/CLIM30ML/monthly/CLIM30ML.sfc.1986.nc
(8)	/anvil/scratch/x-szhang3/data_240x120/CLIM30ML/monthly/CLIM30ML.sfc.1987.nc
(9)	/anvil/scratch/x-szhang3/data_240x120/CLIM30ML/monthly/CLIM30ML.sfc.1988.nc
(10)	/anvil/scratch/x-szhang3/data_240x120/CLIM30ML/monthly/CLIM30ML.sfc.1989.nc
(11)	/anvil/scratch/x-szhang3/data_240x120/CLIM30ML/monthly/CLIM30ML.sfc.1990.nc
(12)	/anvil/scratch/x-szhang3/data_240x120/CLIM30ML/monthly/CLIM30ML.sfc.1991.nc
(13)	/anvil/scratch/x-szhang3/data_240x120/CLIM30ML/monthly/CLIM30ML.sfc.1992.nc
(14)	/anvil/scratch/x-szhang3/data_240x120/CLIM30ML/monthly/CLIM30ML.sfc.1993.nc
(15)	/anvil/scratch/x-szhang3/data_240x120/CLIM30ML/monthly/CLIM30ML.sfc.1994.nc
(16)	/anvil/scratch/x-szhang3/data_240x120/CLIM30ML/monthly/CLIM30ML.sfc.1995.nc
(17)	/anvil/scratch/x-szhang3/data_240x120/CLIM30ML/monthly/CLIM30ML.sfc.1996.nc
(18)	/anvil/scratch/x-szhang3/data_240x120/CLIM30ML/monthly/CLIM30ML.sfc.1997.nc
(19)	/anvil/scratch/x-szhang3/data_240x120/CLIM30ML/monthly/CLIM30ML.sfc.1998.nc
(20)	/anvil/scratch/x-szhang3/data_240x120/CLIM30ML/monthly/CLIM30ML.sfc.1999.nc
(21)	/anvil/scratch/x-szhang3/data_240x120/CLIM30ML/monthly/CLIM30ML.sfc.2000.nc
(22)	/anvil/scratch/x-szhang3/data_240x120/CLIM30ML/monthly/CLIM30ML.sfc.2001.nc
(23)	/anvil/scratch/x-szhang3/data_240x120/CLIM30ML/monthly/CLIM30ML.sfc.2002.nc
(24)	/anvil/scratch/x-szhang3/data_240x120/CLIM30ML/monthly/CLIM30ML.sfc.2003.nc
(25)	/anvil/scratch/x-szhang3/data_240x120/CLIM30ML/monthly/CLIM30ML.sfc.2004.nc
(26)	/anvil/scratch/x-szhang3/data_240x120/CLIM30ML/monthly/CLIM30ML.sfc.2005.nc
(27)	/anvil/scratch/x-szhang3/data_240x120/CLIM30ML/monthly/CLIM30ML.sfc.2006.nc
(28)	/anvil/scratch/x-szhang3/data_240x120/CLIM30ML/monthly/CLIM30ML.sfc.2007.nc
(29)	/anvil/scratch/x-szhang3/data_240x120/CLIM30ML/monthly/CLIM30ML.sfc.2008.nc
(30)	/anvil/scratch/x-szhang3/data_240x120/CLIM30ML/monthly/CLIM30ML.sfc.2009.nc
(31)	/anvil/scratch/x-szhang3/data_240x120/CLIM30ML/monthly/CLIM30ML.sfc.2010.nc
(32)	/anvil/scratch/x-szhang3/data_240x120/CLIM30ML/monthly/CLIM30ML.sfc.2011.nc
(33)	/anvil/scratch/x-szhang3/data_240x120/CLIM30ML/monthly/CLIM30ML.sfc.2012.nc
(34)	/anvil/scratch/x-szhang3/data_240x120/CLIM30ML/monthly/CLIM30ML.sfc.2013.nc
(35)	/anvil/scratch/x-szhang3/data_240x120/CLIM30ML/monthly/CLIM30ML.sfc.2014.nc


Variable: flm
Type: string
Total Size: 288 bytes
            36 values
Number of Dimensions: 1
Dimensions and sizes:	[36]
Coordinates: 
(0)	/anvil/scratch/x-szhang3/data_240x120/CLIM30ML/monthly/CLIM30ML.sfc.1979.nc
(1)	/anvil/scratch/x-szhang3/data_240x120/CLIM30ML/monthly/CLIM30ML.sfc.1980.nc
(2)	/anvil/scratch/x-szhang3/data_240x120/CLIM30ML/monthly/CLIM30ML.sfc.1981.nc
(3)	/anvil/scratch/x-szhang3/data_240x120/CLIM30ML/monthly/CLIM30ML.sfc.1982.nc
(4)	/anvil/scratch/x-szhang3/data_240x120/CLIM30ML/monthly/CLIM30ML.sfc.1983.nc
(5)	/anvil/scratch/x-szhang3/data_240x120/CLIM30ML/monthly/CLIM30ML.sfc.1984.nc
(6)	/anvil/scratch/x-szhang3/data_240x120/CLIM30ML/monthly/CLIM30ML.sfc.1985.nc
(7)	/anvil/scratch/x-szhang3/data_240x120/CLIM30ML/monthly/CLIM30ML.sfc.1986.nc
(8)	/anvil/scratch/x-szhang3/data_240x120/CLIM30ML/monthly/CLIM30ML.sfc.1987.nc
(9)	/anvil/scratch/x-szhang3/data_240x120/CLIM30ML/monthly/CLIM30ML.sfc.1988.nc
(10)	/anvil/scratch/x-szhang3/data_240x120/CLIM30ML/monthly/CLIM30ML.sfc.1989.nc
(11)	/anvil/scratch/x-szhang3/data_240x120/CLIM30ML/monthly/CLIM30ML.sfc.1990.nc
(12)	/anvil/scratch/x-szhang3/data_240x120/CLIM30ML/monthly/CLIM30ML.sfc.1991.nc
(13)	/anvil/scratch/x-szhang3/data_240x120/CLIM30ML/monthly/CLIM30ML.sfc.1992.nc
(14)	/anvil/scratch/x-szhang3/data_240x120/CLIM30ML/monthly/CLIM30ML.sfc.1993.nc
(15)	/anvil/scratch/x-szhang3/data_240x120/CLIM30ML/monthly/CLIM30ML.sfc.1994.nc
(16)	/anvil/scratch/x-szhang3/data_240x120/CLIM30ML/monthly/CLIM30ML.sfc.1995.nc
(17)	/anvil/scratch/x-szhang3/data_240x120/CLIM30ML/monthly/CLIM30ML.sfc.1996.nc
(18)	/anvil/scratch/x-szhang3/data_240x120/CLIM30ML/monthly/CLIM30ML.sfc.1997.nc
(19)	/anvil/scratch/x-szhang3/data_240x120/CLIM30ML/monthly/CLIM30ML.sfc.1998.nc
(20)	/anvil/scratch/x-szhang3/data_240x120/CLIM30ML/monthly/CLIM30ML.sfc.1999.nc
(21)	/anvil/scratch/x-szhang3/data_240x120/CLIM30ML/monthly/CLIM30ML.sfc.2000.nc
(22)	/anvil/scratch/x-szhang3/data_240x120/CLIM30ML/monthly/CLIM30ML.sfc.2001.nc
(23)	/anvil/scratch/x-szhang3/data_240x120/CLIM30ML/monthly/CLIM30ML.sfc.2002.nc
(24)	/anvil/scratch/x-szhang3/data_240x120/CLIM30ML/monthly/CLIM30ML.sfc.2003.nc
(25)	/anvil/scratch/x-szhang3/data_240x120/CLIM30ML/monthly/CLIM30ML.sfc.2004.nc
(26)	/anvil/scratch/x-szhang3/data_240x120/CLIM30ML/monthly/CLIM30ML.sfc.2005.nc
(27)	/anvil/scratch/x-szhang3/data_240x120/CLIM30ML/monthly/CLIM30ML.sfc.2006.nc
(28)	/anvil/scratch/x-szhang3/data_240x120/CLIM30ML/monthly/CLIM30ML.sfc.2007.nc
(29)	/anvil/scratch/x-szhang3/data_240x120/CLIM30ML/monthly/CLIM30ML.sfc.2008.nc
(30)	/anvil/scratch/x-szhang3/data_240x120/CLIM30ML/monthly/CLIM30ML.sfc.2009.nc
(31)	/anvil/scratch/x-szhang3/data_240x120/CLIM30ML/monthly/CLIM30ML.sfc.2010.nc
(32)	/anvil/scratch/x-szhang3/data_240x120/CLIM30ML/monthly/CLIM30ML.sfc.2011.nc
(33)	/anvil/scratch/x-szhang3/data_240x120/CLIM30ML/monthly/CLIM30ML.sfc.2012.nc
(34)	/anvil/scratch/x-szhang3/data_240x120/CLIM30ML/monthly/CLIM30ML.sfc.2013.nc
(35)	/anvil/scratch/x-szhang3/data_240x120/CLIM30ML/monthly/CLIM30ML.sfc.2014.nc


Variable: flm
Type: string
Total Size: 288 bytes
            36 values
Number of Dimensions: 1
Dimensions and sizes:	[36]
Coordinates: 
(0)	/anvil/scratch/x-szhang3/data_240x120/CLIM30ML/monthly/CLIM30ML.sfc.1979.nc
(1)	/anvil/scratch/x-szhang3/data_240x120/CLIM30ML/monthly/CLIM30ML.sfc.1980.nc
(2)	/anvil/scratch/x-szhang3/data_240x120/CLIM30ML/monthly/CLIM30ML.sfc.1981.nc
(3)	/anvil/scratch/x-szhang3/data_240x120/CLIM30ML/monthly/CLIM30ML.sfc.1982.nc
(4)	/anvil/scratch/x-szhang3/data_240x120/CLIM30ML/monthly/CLIM30ML.sfc.1983.nc
(5)	/anvil/scratch/x-szhang3/data_240x120/CLIM30ML/monthly/CLIM30ML.sfc.1984.nc
(6)	/anvil/scratch/x-szhang3/data_240x120/CLIM30ML/monthly/CLIM30ML.sfc.1985.nc
(7)	/anvil/scratch/x-szhang3/data_240x120/CLIM30ML/monthly/CLIM30ML.sfc.1986.nc
(8)	/anvil/scratch/x-szhang3/data_240x120/CLIM30ML/monthly/CLIM30ML.sfc.1987.nc
(9)	/anvil/scratch/x-szhang3/data_240x120/CLIM30ML/monthly/CLIMrm: cannot remove '../fig_data/CLIM30ML_TUQ_1979-2014.nc': No such file or directory
rm: cannot remove '../fig_data/CLIM30ML_TVQ_1979-2014.nc': No such file or directory
input in flex scanner failed
30ML.sfc.1988.nc
(10)	/anvil/scratch/x-szhang3/data_240x120/CLIM30ML/monthly/CLIM30ML.sfc.1989.nc
(11)	/anvil/scratch/x-szhang3/data_240x120/CLIM30ML/monthly/CLIM30ML.sfc.1990.nc
(12)	/anvil/scratch/x-szhang3/data_240x120/CLIM30ML/monthly/CLIM30ML.sfc.1991.nc
(13)	/anvil/scratch/x-szhang3/data_240x120/CLIM30ML/monthly/CLIM30ML.sfc.1992.nc
(14)	/anvil/scratch/x-szhang3/data_240x120/CLIM30ML/monthly/CLIM30ML.sfc.1993.nc
(15)	/anvil/scratch/x-szhang3/data_240x120/CLIM30ML/monthly/CLIM30ML.sfc.1994.nc
(16)	/anvil/scratch/x-szhang3/data_240x120/CLIM30ML/monthly/CLIM30ML.sfc.1995.nc
(17)	/anvil/scratch/x-szhang3/data_240x120/CLIM30ML/monthly/CLIM30ML.sfc.1996.nc
(18)	/anvil/scratch/x-szhang3/data_240x120/CLIM30ML/monthly/CLIM30ML.sfc.1997.nc
(19)	/anvil/scratch/x-szhang3/data_240x120/CLIM30ML/monthly/CLIM30ML.sfc.1998.nc
(20)	/anvil/scratch/x-szhang3/data_240x120/CLIM30ML/monthly/CLIM30ML.sfc.1999.nc
(21)	/anvil/scratch/x-szhang3/data_240x120/CLIM30ML/monthly/CLIM30ML.sfc.2000.nc
(22)	/anvil/scratch/x-szhang3/data_240x120/CLIM30ML/monthly/CLIM30ML.sfc.2001.nc
(23)	/anvil/scratch/x-szhang3/data_240x120/CLIM30ML/monthly/CLIM30ML.sfc.2002.nc
(24)	/anvil/scratch/x-szhang3/data_240x120/CLIM30ML/monthly/CLIM30ML.sfc.2003.nc
(25)	/anvil/scratch/x-szhang3/data_240x120/CLIM30ML/monthly/CLIM30ML.sfc.2004.nc
(26)	/anvil/scratch/x-szhang3/data_240x120/CLIM30ML/monthly/CLIM30ML.sfc.2005.nc
(27)	/anvil/scratch/x-szhang3/data_240x120/CLIM30ML/monthly/CLIM30ML.sfc.2006.nc
(28)	/anvil/scratch/x-szhang3/data_240x120/CLIM30ML/monthly/CLIM30ML.sfc.2007.nc
(29)	/anvil/scratch/x-szhang3/data_240x120/CLIM30ML/monthly/CLIM30ML.sfc.2008.nc
(30)	/anvil/scratch/x-szhang3/data_240x120/CLIM30ML/monthly/CLIM30ML.sfc.2009.nc
(31)	/anvil/scratch/x-szhang3/data_240x120/CLIM30ML/monthly/CLIM30ML.sfc.2010.nc
(32)	/anvil/scratch/x-szhang3/data_240x120/CLIM30ML/monthly/CLIM30ML.sfc.2011.nc
(33)	/anvil/scratch/x-szhang3/data_240x120/CLIM30ML/monthly/CLIM30ML.sfc.2012.nc
(34)	/anvil/scratch/x-szhang3/data_240x120/CLIM30ML/monthly/CLIM30ML.sfc.2013.nc
(35)	/anvil/scratch/x-szhang3/data_240x120/CLIM30ML/monthly/CLIM30ML.sfc.2014.nc


Variable: flm
Type: string
Total Size: 288 bytes
            36 values
Number of Dimensions: 1
Dimensions and sizes:	[36]
Coordinates: 
(0)	/anvil/scratch/x-szhang3/data_240x120/CLIM30ML/monthly/CLIM30ML.sfc.1979.nc
(1)	/anvil/scratch/x-szhang3/data_240x120/CLIM30ML/monthly/CLIM30ML.sfc.1980.nc
(2)	/anvil/scratch/x-szhang3/data_240x120/CLIM30ML/monthly/CLIM30ML.sfc.1981.nc
(3)	/anvil/scratch/x-szhang3/data_240x120/CLIM30ML/monthly/CLIM30ML.sfc.1982.nc
(4)	/anvil/scratch/x-szhang3/data_240x120/CLIM30ML/monthly/CLIM30ML.sfc.1983.nc
(5)	/anvil/scratch/x-szhang3/data_240x120/CLIM30ML/monthly/CLIM30ML.sfc.1984.nc
(6)	/anvil/scratch/x-szhang3/data_240x120/CLIM30ML/monthly/CLIM30ML.sfc.1985.nc
(7)	/anvil/scratch/x-szhang3/data_240x120/CLIM30ML/monthly/CLIM30ML.sfc.1986.nc
(8)	/anvil/scratch/x-szhang3/data_240x120/CLIM30ML/monthly/CLIM30ML.sfc.1987.nc
(9)	/anvil/scratch/x-szhang3/data_240x120/CLIM30ML/monthly/CLIM30ML.sfc.1988.nc
(10)	/anvil/scratch/x-szhang3/data_240x120/CLIM30ML/monthly/CLIM30ML.sfc.1989.nc
(11)	/anvil/scratch/x-szhang3/data_240x120/CLIM30ML/monthly/CLIM30ML.sfc.1990.nc
(12)	/anvil/scratch/x-szhang3/data_240x120/CLIM30ML/monthly/CLIM30ML.sfc.1991.nc
(13)	/anvil/scratch/x-szhang3/data_240x120/CLIM30ML/monthly/CLIM30ML.sfc.1992.nc
(14)	/anvil/scratch/x-szhang3/data_240x120/CLIM30ML/monthly/CLIM30ML.sfc.1993.nc
(15)	/anvil/scratch/x-szhang3/data_240x120/CLIM30ML/monthly/CLIM30ML.sfc.1994.nc
(16)	/anvil/scratch/x-szhang3/data_240x120/CLIM30ML/monthly/CLIM30ML.sfc.1995.nc
(17)	/anvil/scratch/x-szhang3/data_240x120/CLIM30ML/monthly/CLIM30ML.sfc.1996.nc
(18)	/anvil/scratch/x-szhang3/data_240x120/CLIM30ML/monthly/CLIM30ML.sfc.1997.nc
(19)	/anvil/scratch/x-szhang3/data_240x120/CLIM30ML/monthly/CLIM30ML.sfc.1998.nc
(20)	/anvil/scratch/x-szhang3/data_240x120/CLIM30ML/monthly/CLIM30ML.sfc.1999.nc
(21)	/anvil/scratch/x-szhang3/data_240x120/CLIM30ML/monthly/CLIM30ML.sfc.2000.nc
(22)	/anvil/scratch/x-szhang3/data_240x120/CLIM30ML/monthly/CLIM30ML.sfc.2001.nc
(23)	/anvil/scratch/x-szhang3/data_240x120/CLIM30ML/monthly/CLIM30ML.sfc.2002.nc
(24)	/anvil/scratch/x-szhang3/data_240x120/CLIM30ML/monthly/CLIM30ML.sfc.2003.nc
(25)	/anvil/scratch/x-szhang3/data_240x120/CLIM30ML/monthly/CLIM30ML.sfc.2004.nc
(26)	/anvil/scratch/x-szhang3/data_240x120/CLIM30ML/monthly/CLIM30ML.sfc.2005.nc
(27)	/anvil/scratch/x-szhang3/data_240x120/CLIM30ML/monthly/CLIM30ML.sfc.2006.nc
(28)	/anvil/scratch/x-szhang3/data_240x120/CLIM30ML/monthly/CLIM30ML.sfc.2007.nc
(29)	/anvil/scratch/x-szhang3/data_240x120/CLIM30ML/monthly/CLIM30ML.sfc.2008.nc
(30)	/anvil/scratch/x-szhang3/data_240x120/CLIM30ML/monthly/CLIM30ML.sfc.2009.nc
(31)	/anvil/scratch/x-szhang3/data_240x120/CLIM30ML/monthly/CLIM30ML.sfc.2010.nc
(32)	/anvil/scratch/x-szhang3/data_240x120/CLIM30ML/monthly/CLIM30ML.sfc.2011.nc
(33)	/anvil/scratch/x-szhang3/data_240x120/CLIM30ML/monthly/CLIM30ML.sfc.2012.nc
(34)	/anvil/scratch/x-szhang3/data_240x120/CLIM30ML/monthly/CLIM30ML.sfc.2013.nc
(35)	/anvil/scratch/x-szhang3/data_240x120/CLIM30ML/monthly/CLIM30ML.sfc.2014.nc
