netcdf file_grid_info_cami_0001-01-01_northamericax4v1_c190709 {
dimensions:
	ncol = 130088 ;
	time = UNLIMITED ; // (1 currently)
	nbnd = 2 ;
	chars = 8 ;
	lev = 72 ;
	ilev = 73 ;
variables:
	double lat(ncol) ;
		lat:long_name = "latitude" ;
		lat:units = "degrees_north" ;
	double lon(ncol) ;
		lon:long_name = "longitude" ;
		lon:units = "degrees_east" ;
	double area(ncol) ;
		area:long_name = "gll grid areas" ;
	double lev(lev) ;
		lev:long_name = "hybrid level at midpoints (1000*(A+B))" ;
		lev:units = "hPa" ;
		lev:positive = "down" ;
		lev:standard_name = "atmosphere_hybrid_sigma_pressure_coordinate" ;
		lev:formula_terms = "a: hyam b: hybm p0: P0 ps: PS" ;
	double hyam(lev) ;
		hyam:long_name = "hybrid A coefficient at layer midpoints" ;
	double hybm(lev) ;
		hybm:long_name = "hybrid B coefficient at layer midpoints" ;
	double P0 ;
		P0:long_name = "reference pressure" ;
		P0:units = "Pa" ;
	double ilev(ilev) ;
		ilev:long_name = "hybrid level at interfaces (1000*(A+B))" ;
		ilev:units = "hPa" ;
		ilev:positive = "down" ;
		ilev:standard_name = "atmosphere_hybrid_sigma_pressure_coordinate" ;
		ilev:formula_terms = "a: hyai b: hybi p0: P0 ps: PS" ;
	double hyai(ilev) ;
		hyai:long_name = "hybrid A coefficient at layer interfaces" ;
	double hybi(ilev) ;
		hybi:long_name = "hybrid B coefficient at layer interfaces" ;
	double time(time) ;
		time:long_name = "time" ;
		time:units = "days since 0001-01-01 00:00:00" ;
		time:calendar = "noleap" ;
		time:bounds = "time_bnds" ;
	int date(time) ;
		date:long_name = "current date (YYYYMMDD)" ;
	int datesec(time) ;
		datesec:long_name = "current seconds of current date" ;
	double time_bnds(time, nbnd) ;
		time_bnds:long_name = "time interval endpoints" ;
	char date_written(time, chars) ;
	char time_written(time, chars) ;
	int ndbase ;
		ndbase:long_name = "base day" ;
	int nsbase ;
		nsbase:long_name = "seconds of base day" ;
	int nbdate ;
		nbdate:long_name = "base date (YYYYMMDD)" ;
	int nbsec ;
		nbsec:long_name = "seconds of base date" ;
	int mdt ;
		mdt:long_name = "timestep" ;
		mdt:units = "s" ;
	int ndcur(time) ;
		ndcur:long_name = "current day (from base day)" ;
	int nscur(time) ;
		nscur:long_name = "current seconds of current day" ;
	int nsteph(time) ;
		nsteph:long_name = "current timestep" ;
	double CLDICE(time, lev, ncol) ;
		CLDICE:mdims = 1 ;
		CLDICE:units = "kg/kg" ;
		CLDICE:mixing_ratio = "" ;
		CLDICE:long_name = "Grid box averaged cloud ice amount" ;
	double CLDLIQ(time, lev, ncol) ;
		CLDLIQ:mdims = 1 ;
		CLDLIQ:units = "kg/kg" ;
		CLDLIQ:mixing_ratio = "" ;
		CLDLIQ:long_name = "Grid box averaged cloud liquid amount" ;
	double DMS(time, lev, ncol) ;
		DMS:mdims = 1 ;
		DMS:units = "kg/kg" ;
		DMS:mixing_ratio = "" ;
		DMS:long_name = "DMS" ;
	double H2O2(time, lev, ncol) ;
		H2O2:mdims = 1 ;
		H2O2:units = "kg/kg" ;
		H2O2:mixing_ratio = "" ;
		H2O2:long_name = "H2O2" ;
	double H2SO4(time, lev, ncol) ;
		H2SO4:mdims = 1 ;
		H2SO4:units = "kg/kg" ;
		H2SO4:mixing_ratio = "" ;
		H2SO4:long_name = "H2SO4" ;
	double ICEFRAC(time, ncol) ;
		ICEFRAC:units = "fraction" ;
		ICEFRAC:mixing_ratio = "" ;
		ICEFRAC:long_name = "Fraction of sfc area covered by sea-ice" ;
	double NUMICE(time, lev, ncol) ;
		NUMICE:mdims = 1 ;
		NUMICE:units = "kg/kg" ;
		NUMICE:mixing_ratio = "" ;
		NUMICE:long_name = "Grid box averaged cloud ice number" ;
	double NUMLIQ(time, lev, ncol) ;
		NUMLIQ:mdims = 1 ;
		NUMLIQ:units = "kg/kg" ;
		NUMLIQ:mixing_ratio = "" ;
		NUMLIQ:long_name = "Grid box averaged cloud liquid number" ;
	double NUMRAI(time, lev, ncol) ;
		NUMRAI:mdims = 1 ;
		NUMRAI:units = "kg/kg" ;
		NUMRAI:mixing_ratio = "" ;
		NUMRAI:long_name = "Grid box averaged rain number" ;
	double NUMSNO(time, lev, ncol) ;
		NUMSNO:mdims = 1 ;
		NUMSNO:units = "kg/kg" ;
		NUMSNO:mixing_ratio = "" ;
		NUMSNO:long_name = "Grid box averaged snow number" ;
	double O3(time, lev, ncol) ;
		O3:mdims = 1 ;
		O3:units = "kg/kg" ;
		O3:mixing_ratio = "" ;
		O3:long_name = "O3" ;
	double PS(time, ncol) ;
		PS:units = "Pa" ;
		PS:mixing_ratio = "" ;
		PS:long_name = "Surface pressure" ;
	double Q(time, lev, ncol) ;
		Q:mdims = 1 ;
		Q:units = "kg/kg" ;
		Q:mixing_ratio = "" ;
		Q:long_name = "Specific humidity" ;
	double RAINQM(time, lev, ncol) ;
		RAINQM:mdims = 1 ;
		RAINQM:units = "kg/kg" ;
		RAINQM:mixing_ratio = "" ;
		RAINQM:long_name = "Grid box averaged rain amount" ;
	double SICTHK(time, ncol) ;
		SICTHK:units = "m" ;
		SICTHK:mixing_ratio = "" ;
		SICTHK:long_name = "Sea ice thickness" ;
	double SNOWHICE(time, ncol) ;
		SNOWHICE:units = "m" ;
		SNOWHICE:mixing_ratio = "" ;
		SNOWHICE:long_name = "Water equivalent snow depth" ;
	double SNOWQM(time, lev, ncol) ;
		SNOWQM:mdims = 1 ;
		SNOWQM:units = "kg/kg" ;
		SNOWQM:mixing_ratio = "" ;
		SNOWQM:long_name = "Grid box averaged snow amount" ;
	double SO2(time, lev, ncol) ;
		SO2:mdims = 1 ;
		SO2:units = "kg/kg" ;
		SO2:mixing_ratio = "" ;
		SO2:long_name = "SO2" ;
	double SOAG(time, lev, ncol) ;
		SOAG:mdims = 1 ;
		SOAG:units = "kg/kg" ;
		SOAG:mixing_ratio = "" ;
		SOAG:long_name = "SOAG" ;
	double T(time, lev, ncol) ;
		T:mdims = 1 ;
		T:units = "K" ;
		T:mixing_ratio = "" ;
		T:long_name = "Temperature" ;
	double TS1(time, ncol) ;
		TS1:units = "K" ;
		TS1:mixing_ratio = "" ;
		TS1:long_name = "TS1      subsoil temperature" ;
	double TS2(time, ncol) ;
		TS2:units = "K" ;
		TS2:mixing_ratio = "" ;
		TS2:long_name = "TS2      subsoil temperature" ;
	double TS3(time, ncol) ;
		TS3:units = "K" ;
		TS3:mixing_ratio = "" ;
		TS3:long_name = "TS3      subsoil temperature" ;
	double TS4(time, ncol) ;
		TS4:units = "K" ;
		TS4:mixing_ratio = "" ;
		TS4:long_name = "TS4      subsoil temperature" ;
	double TSICE(time, ncol) ;
		TSICE:units = "K" ;
		TSICE:mixing_ratio = "" ;
		TSICE:long_name = "Ice temperature" ;
	double U(time, lev, ncol) ;
		U:mdims = 1 ;
		U:units = "m/s" ;
		U:mixing_ratio = "" ;
		U:long_name = "Zonal wind" ;
	double V(time, lev, ncol) ;
		V:mdims = 1 ;
		V:units = "m/s" ;
		V:mixing_ratio = "" ;
		V:long_name = "Meridional wind" ;
	double bc_a1(time, lev, ncol) ;
		bc_a1:mdims = 1 ;
		bc_a1:units = "kg/kg" ;
		bc_a1:mixing_ratio = "" ;
		bc_a1:long_name = "bc_a1" ;
	double bc_a3(time, lev, ncol) ;
		bc_a3:mdims = 1 ;
		bc_a3:units = "kg/kg" ;
		bc_a3:mixing_ratio = "" ;
		bc_a3:long_name = "bc_a3" ;
	double bc_a4(time, lev, ncol) ;
		bc_a4:mdims = 1 ;
		bc_a4:units = "kg/kg" ;
		bc_a4:mixing_ratio = "" ;
		bc_a4:long_name = "bc_a4" ;
	double dst_a1(time, lev, ncol) ;
		dst_a1:mdims = 1 ;
		dst_a1:units = "kg/kg" ;
		dst_a1:mixing_ratio = "" ;
		dst_a1:long_name = "dst_a1" ;
	double dst_a3(time, lev, ncol) ;
		dst_a3:mdims = 1 ;
		dst_a3:units = "kg/kg" ;
		dst_a3:mixing_ratio = "" ;
		dst_a3:long_name = "dst_a3" ;
	double mom_a1(time, lev, ncol) ;
		mom_a1:mdims = 1 ;
		mom_a1:units = "kg/kg" ;
		mom_a1:mixing_ratio = "" ;
		mom_a1:long_name = "mom_a1" ;
	double mom_a2(time, lev, ncol) ;
		mom_a2:mdims = 1 ;
		mom_a2:units = "kg/kg" ;
		mom_a2:mixing_ratio = "" ;
		mom_a2:long_name = "mom_a2" ;
	double mom_a3(time, lev, ncol) ;
		mom_a3:mdims = 1 ;
		mom_a3:units = "kg/kg" ;
		mom_a3:mixing_ratio = "" ;
		mom_a3:long_name = "mom_a3" ;
	double mom_a4(time, lev, ncol) ;
		mom_a4:mdims = 1 ;
		mom_a4:units = "kg/kg" ;
		mom_a4:mixing_ratio = "" ;
		mom_a4:long_name = "mom_a4" ;
	double ncl_a1(time, lev, ncol) ;
		ncl_a1:mdims = 1 ;
		ncl_a1:units = "kg/kg" ;
		ncl_a1:mixing_ratio = "" ;
		ncl_a1:long_name = "ncl_a1" ;
	double ncl_a2(time, lev, ncol) ;
		ncl_a2:mdims = 1 ;
		ncl_a2:units = "kg/kg" ;
		ncl_a2:mixing_ratio = "" ;
		ncl_a2:long_name = "ncl_a2" ;
	double ncl_a3(time, lev, ncol) ;
		ncl_a3:mdims = 1 ;
		ncl_a3:units = "kg/kg" ;
		ncl_a3:mixing_ratio = "" ;
		ncl_a3:long_name = "ncl_a3" ;
	double num_a1(time, lev, ncol) ;
		num_a1:mdims = 1 ;
		num_a1:units = "kg/kg" ;
		num_a1:mixing_ratio = "" ;
		num_a1:long_name = "num_a1" ;
	double num_a2(time, lev, ncol) ;
		num_a2:mdims = 1 ;
		num_a2:units = "kg/kg" ;
		num_a2:mixing_ratio = "" ;
		num_a2:long_name = "num_a2" ;
	double num_a3(time, lev, ncol) ;
		num_a3:mdims = 1 ;
		num_a3:units = "kg/kg" ;
		num_a3:mixing_ratio = "" ;
		num_a3:long_name = "num_a3" ;
	double num_a4(time, lev, ncol) ;
		num_a4:mdims = 1 ;
		num_a4:units = "kg/kg" ;
		num_a4:mixing_ratio = "" ;
		num_a4:long_name = "num_a4" ;
	double pom_a1(time, lev, ncol) ;
		pom_a1:mdims = 1 ;
		pom_a1:units = "kg/kg" ;
		pom_a1:mixing_ratio = "" ;
		pom_a1:long_name = "pom_a1" ;
	double pom_a3(time, lev, ncol) ;
		pom_a3:mdims = 1 ;
		pom_a3:units = "kg/kg" ;
		pom_a3:mixing_ratio = "" ;
		pom_a3:long_name = "pom_a3" ;
	double pom_a4(time, lev, ncol) ;
		pom_a4:mdims = 1 ;
		pom_a4:units = "kg/kg" ;
		pom_a4:mixing_ratio = "" ;
		pom_a4:long_name = "pom_a4" ;
	double so4_a1(time, lev, ncol) ;
		so4_a1:mdims = 1 ;
		so4_a1:units = "kg/kg" ;
		so4_a1:mixing_ratio = "" ;
		so4_a1:long_name = "so4_a1" ;
	double so4_a2(time, lev, ncol) ;
		so4_a2:mdims = 1 ;
		so4_a2:units = "kg/kg" ;
		so4_a2:mixing_ratio = "" ;
		so4_a2:long_name = "so4_a2" ;
	double so4_a3(time, lev, ncol) ;
		so4_a3:mdims = 1 ;
		so4_a3:units = "kg/kg" ;
		so4_a3:mixing_ratio = "" ;
		so4_a3:long_name = "so4_a3" ;
	double soa_a1(time, lev, ncol) ;
		soa_a1:mdims = 1 ;
		soa_a1:units = "kg/kg" ;
		soa_a1:mixing_ratio = "" ;
		soa_a1:long_name = "soa_a1" ;
	double soa_a2(time, lev, ncol) ;
		soa_a2:mdims = 1 ;
		soa_a2:units = "kg/kg" ;
		soa_a2:mixing_ratio = "" ;
		soa_a2:long_name = "soa_a2" ;
	double soa_a3(time, lev, ncol) ;
		soa_a3:mdims = 1 ;
		soa_a3:units = "kg/kg" ;
		soa_a3:mixing_ratio = "" ;
		soa_a3:long_name = "soa_a3" ;

// global attributes:
		:ne = 0 ;
		:np = 4 ;
		:Conventions = "CF-1.0" ;
		:source = "CAM" ;
		:case = "northamericax4v1_2" ;
		:title = "UNSET" ;
		:logname = "eroesler" ;
		:host = "cori05" ;
		:Version = "$Name$" ;
		:revision_Id = "$Id$" ;
		:initial_file = "/global/cscratch1/sd/wlin/northamericax4v1/ifs_oper_T1279_2016080100_mod_subset_to_e3sm_northamericax4v1_topoadj_L72.nc" ;
		:topography_file = "/project/projectdirs/acme/inputdata/atm/cam/topo/USGS_northamericax4v1_360x720cru_oRRS15to5_smoothed_190621.nc" ;
		:time_period_freq = "day_1" ;
}
