netcdf file_grid_info_e3smv2_ne30pg2_EC30to60E2r2.eam.i.2009-10-01-00000 {
dimensions:
	ncol = 21600 ;
	ncol_d = 48602 ;
	time = UNLIMITED ; // (1 currently)
	nbnd = 2 ;
	chars = 8 ;
	lev = 72 ;
	ilev = 73 ;
	cosp_prs = 7 ;
	cosp_tau = 7 ;
	cosp_scol = 10 ;
	cosp_ht = 40 ;
	cosp_sr = 15 ;
	cosp_sza = 5 ;
	cosp_htmisr = 16 ;
	cosp_tau_modis = 7 ;
	cosp_reffice = 6 ;
	cosp_reffliq = 6 ;
variables:
	double lat(ncol) ;
		lat:long_name = "latitude" ;
		lat:units = "degrees_north" ;
	double lon(ncol) ;
		lon:long_name = "longitude" ;
		lon:units = "degrees_east" ;
	double area(ncol) ;
		area:long_name = "physics grid areas" ;
	double lat_d(ncol_d) ;
		lat_d:long_name = "latitude" ;
		lat_d:units = "degrees_north" ;
	double lon_d(ncol_d) ;
		lon_d:long_name = "longitude" ;
		lon_d:units = "degrees_east" ;
	double area_d(ncol_d) ;
		area_d:long_name = "gll grid areas" ;
	double lev(lev) ;
		lev:long_name = "hybrid level at midpoints (1000*(A+B))" ;
		lev:units = "hPa" ;
		lev:positive = "down" ;
		lev:standard_name = "atmosphere_hybrid_sigma_pressure_coordinate" ;
		lev:formula_terms = "a: hyam b: hybm p0: P0 ps: PS" ;
	double hyam(lev) ;
		hyam:long_name = "hybrid A coefficient at layer midpoints" ;
	double hybm(lev) ;
		hybm:long_name = "hybrid B coefficient at layer midpoints" ;
	double P0 ;
		P0:long_name = "reference pressure" ;
		P0:units = "Pa" ;
	double ilev(ilev) ;
		ilev:long_name = "hybrid level at interfaces (1000*(A+B))" ;
		ilev:units = "hPa" ;
		ilev:positive = "down" ;
		ilev:standard_name = "atmosphere_hybrid_sigma_pressure_coordinate" ;
		ilev:formula_terms = "a: hyai b: hybi p0: P0 ps: PS" ;
	double hyai(ilev) ;
		hyai:long_name = "hybrid A coefficient at layer interfaces" ;
	double hybi(ilev) ;
		hybi:long_name = "hybrid B coefficient at layer interfaces" ;
	double cosp_prs(cosp_prs) ;
		cosp_prs:long_name = "COSP Mean ISCCP pressure" ;
		cosp_prs:units = "Pa" ;
		cosp_prs:bounds = "cosp_prs_bnds" ;
	double cosp_prs_bnds(cosp_prs, nbnd) ;
	double cosp_tau(cosp_tau) ;
		cosp_tau:long_name = "COSP Mean ISCCP optical depth" ;
		cosp_tau:units = "1" ;
		cosp_tau:bounds = "cosp_tau_bnds" ;
	double cosp_tau_bnds(cosp_tau, nbnd) ;
	int cosp_scol(cosp_scol) ;
		cosp_scol:long_name = "COSP subcolumn" ;
	double cosp_ht(cosp_ht) ;
		cosp_ht:long_name = "COSP Mean Height for calipso and radar simulator outputs" ;
		cosp_ht:units = "m" ;
		cosp_ht:bounds = "cosp_ht_bnds" ;
	double cosp_ht_bnds(cosp_ht, nbnd) ;
	double cosp_sr(cosp_sr) ;
		cosp_sr:long_name = "COSP Mean Scattering Ratio for calipso simulator CFAD output" ;
		cosp_sr:units = "1" ;
		cosp_sr:bounds = "cosp_sr_bnds" ;
	double cosp_sr_bnds(cosp_sr, nbnd) ;
	double cosp_sza(cosp_sza) ;
		cosp_sza:long_name = "COSP Parasol SZA" ;
		cosp_sza:units = "degrees" ;
	double cosp_htmisr(cosp_htmisr) ;
		cosp_htmisr:long_name = "COSP MISR height" ;
		cosp_htmisr:units = "m" ;
		cosp_htmisr:bounds = "cosp_htmisr_bnds" ;
	double cosp_htmisr_bnds(cosp_htmisr, nbnd) ;
	double cosp_tau_modis(cosp_tau_modis) ;
		cosp_tau_modis:long_name = "COSP Mean MODIS optical depth" ;
		cosp_tau_modis:units = "1" ;
		cosp_tau_modis:bounds = "cosp_tau_modis_bnds" ;
	double cosp_tau_modis_bnds(cosp_tau_modis, nbnd) ;
	double cosp_reffice(cosp_reffice) ;
		cosp_reffice:long_name = "COSP Mean MODIS effective radius (ice)" ;
		cosp_reffice:units = "m" ;
		cosp_reffice:bounds = "cosp_reffice_bnds" ;
	double cosp_reffice_bnds(cosp_reffice, nbnd) ;
	double cosp_reffliq(cosp_reffliq) ;
		cosp_reffliq:long_name = "COSP Mean MODIS effective radius (liquid)" ;
		cosp_reffliq:units = "m" ;
		cosp_reffliq:bounds = "cosp_reffliq_bnds" ;
	double cosp_reffliq_bnds(cosp_reffliq, nbnd) ;
	double time(time) ;
		time:long_name = "time" ;
		time:units = "days since 2009-01-01 00:00:00" ;
		time:calendar = "noleap" ;
		time:bounds = "time_bnds" ;
	int date(time) ;
		date:long_name = "current date (YYYYMMDD)" ;
	int datesec(time) ;
		datesec:long_name = "current seconds of current date" ;
	double time_bnds(time, nbnd) ;
		time_bnds:long_name = "time interval endpoints" ;
	char date_written(time, chars) ;
	char time_written(time, chars) ;
	int ndbase ;
		ndbase:long_name = "base day" ;
	int nsbase ;
		nsbase:long_name = "seconds of base day" ;
	int nbdate ;
		nbdate:long_name = "base date (YYYYMMDD)" ;
	int nbsec ;
		nbsec:long_name = "seconds of base date" ;
	int mdt ;
		mdt:long_name = "timestep" ;
		mdt:units = "s" ;
	int ndcur(time) ;
		ndcur:long_name = "current day (from base day)" ;
	int nscur(time) ;
		nscur:long_name = "current seconds of current day" ;
	int nsteph(time) ;
		nsteph:long_name = "current timestep" ;
	double CLDICE(time, lev, ncol_d) ;
		CLDICE:mdims = 1 ;
		CLDICE:units = "kg/kg" ;
		CLDICE:mixing_ratio = "wet" ;
		CLDICE:long_name = "Grid box averaged cloud ice amount" ;
		CLDICE:cell_methods = "time: point" ;
	double CLDLIQ(time, lev, ncol_d) ;
		CLDLIQ:mdims = 1 ;
		CLDLIQ:units = "kg/kg" ;
		CLDLIQ:mixing_ratio = "wet" ;
		CLDLIQ:long_name = "Grid box averaged cloud liquid amount" ;
		CLDLIQ:cell_methods = "time: point" ;
	double DMS(time, lev, ncol_d) ;
		DMS:mdims = 1 ;
		DMS:units = "kg/kg" ;
		DMS:mixing_ratio = "dry" ;
		DMS:long_name = "DMS" ;
		DMS:cell_methods = "time: point" ;
	double H2O2(time, lev, ncol_d) ;
		H2O2:mdims = 1 ;
		H2O2:units = "kg/kg" ;
		H2O2:mixing_ratio = "dry" ;
		H2O2:long_name = "H2O2" ;
		H2O2:cell_methods = "time: point" ;
	double H2SO4(time, lev, ncol_d) ;
		H2SO4:mdims = 1 ;
		H2SO4:units = "kg/kg" ;
		H2SO4:mixing_ratio = "dry" ;
		H2SO4:long_name = "H2SO4" ;
		H2SO4:cell_methods = "time: point" ;
	double ICEFRAC(time, ncol) ;
		ICEFRAC:units = "fraction" ;
		ICEFRAC:long_name = "Fraction of sfc area covered by sea-ice" ;
		ICEFRAC:cell_methods = "time: point" ;
	double NUMICE(time, lev, ncol_d) ;
		NUMICE:mdims = 1 ;
		NUMICE:units = "kg/kg" ;
		NUMICE:mixing_ratio = "wet" ;
		NUMICE:long_name = "Grid box averaged cloud ice number" ;
		NUMICE:cell_methods = "time: point" ;
	double NUMLIQ(time, lev, ncol_d) ;
		NUMLIQ:mdims = 1 ;
		NUMLIQ:units = "kg/kg" ;
		NUMLIQ:mixing_ratio = "wet" ;
		NUMLIQ:long_name = "Grid box averaged cloud liquid number" ;
		NUMLIQ:cell_methods = "time: point" ;
	double NUMRAI(time, lev, ncol_d) ;
		NUMRAI:mdims = 1 ;
		NUMRAI:units = "kg/kg" ;
		NUMRAI:mixing_ratio = "wet" ;
		NUMRAI:long_name = "Grid box averaged rain number" ;
		NUMRAI:cell_methods = "time: point" ;
	double NUMSNO(time, lev, ncol_d) ;
		NUMSNO:mdims = 1 ;
		NUMSNO:units = "kg/kg" ;
		NUMSNO:mixing_ratio = "wet" ;
		NUMSNO:long_name = "Grid box averaged snow number" ;
		NUMSNO:cell_methods = "time: point" ;
	double O3(time, lev, ncol_d) ;
		O3:mdims = 1 ;
		O3:units = "kg/kg" ;
		O3:mixing_ratio = "dry" ;
		O3:long_name = "O3" ;
		O3:cell_methods = "time: point" ;
	double PS(time, ncol_d) ;
		PS:units = "Pa" ;
		PS:long_name = "Surface pressure" ;
		PS:cell_methods = "time: point" ;
	double Q(time, lev, ncol_d) ;
		Q:mdims = 1 ;
		Q:units = "kg/kg" ;
		Q:mixing_ratio = "wet" ;
		Q:long_name = "Specific humidity" ;
		Q:cell_methods = "time: point" ;
	double RAINQM(time, lev, ncol_d) ;
		RAINQM:mdims = 1 ;
		RAINQM:units = "kg/kg" ;
		RAINQM:mixing_ratio = "wet" ;
		RAINQM:long_name = "Grid box averaged rain amount" ;
		RAINQM:cell_methods = "time: point" ;
	double SICTHK(time, ncol) ;
		SICTHK:units = "m" ;
		SICTHK:long_name = "Sea ice thickness" ;
		SICTHK:cell_methods = "time: point" ;
	double SNOWHICE(time, ncol) ;
		SNOWHICE:units = "m" ;
		SNOWHICE:long_name = "Water equivalent snow depth" ;
		SNOWHICE:cell_methods = "time: point" ;
	double SNOWQM(time, lev, ncol_d) ;
		SNOWQM:mdims = 1 ;
		SNOWQM:units = "kg/kg" ;
		SNOWQM:mixing_ratio = "wet" ;
		SNOWQM:long_name = "Grid box averaged snow amount" ;
		SNOWQM:cell_methods = "time: point" ;
	double SO2(time, lev, ncol_d) ;
		SO2:mdims = 1 ;
		SO2:units = "kg/kg" ;
		SO2:mixing_ratio = "dry" ;
		SO2:long_name = "SO2" ;
		SO2:cell_methods = "time: point" ;
	double SOAG(time, lev, ncol_d) ;
		SOAG:mdims = 1 ;
		SOAG:units = "kg/kg" ;
		SOAG:mixing_ratio = "dry" ;
		SOAG:long_name = "SOAG" ;
		SOAG:cell_methods = "time: point" ;
	double T(time, lev, ncol_d) ;
		T:mdims = 1 ;
		T:units = "K" ;
		T:long_name = "Temperature" ;
		T:cell_methods = "time: point" ;
	double TS1(time, ncol) ;
		TS1:units = "K" ;
		TS1:long_name = "TS1      subsoil temperature" ;
		TS1:cell_methods = "time: point" ;
	double TS2(time, ncol) ;
		TS2:units = "K" ;
		TS2:long_name = "TS2      subsoil temperature" ;
		TS2:cell_methods = "time: point" ;
	double TS3(time, ncol) ;
		TS3:units = "K" ;
		TS3:long_name = "TS3      subsoil temperature" ;
		TS3:cell_methods = "time: point" ;
	double TS4(time, ncol) ;
		TS4:units = "K" ;
		TS4:long_name = "TS4      subsoil temperature" ;
		TS4:cell_methods = "time: point" ;
	double TSICE(time, ncol) ;
		TSICE:units = "K" ;
		TSICE:long_name = "Ice temperature" ;
		TSICE:cell_methods = "time: point" ;
	double U(time, lev, ncol_d) ;
		U:mdims = 1 ;
		U:units = "m/s" ;
		U:long_name = "Zonal wind" ;
		U:cell_methods = "time: point" ;
	double V(time, lev, ncol_d) ;
		V:mdims = 1 ;
		V:units = "m/s" ;
		V:long_name = "Meridional wind" ;
		V:cell_methods = "time: point" ;
	double bc_a1(time, lev, ncol_d) ;
		bc_a1:mdims = 1 ;
		bc_a1:units = "kg/kg" ;
		bc_a1:mixing_ratio = "dry" ;
		bc_a1:long_name = "bc_a1" ;
		bc_a1:cell_methods = "time: point" ;
	double bc_a3(time, lev, ncol_d) ;
		bc_a3:mdims = 1 ;
		bc_a3:units = "kg/kg" ;
		bc_a3:mixing_ratio = "dry" ;
		bc_a3:long_name = "bc_a3" ;
		bc_a3:cell_methods = "time: point" ;
	double bc_a4(time, lev, ncol_d) ;
		bc_a4:mdims = 1 ;
		bc_a4:units = "kg/kg" ;
		bc_a4:mixing_ratio = "dry" ;
		bc_a4:long_name = "bc_a4" ;
		bc_a4:cell_methods = "time: point" ;
	double dst_a1(time, lev, ncol_d) ;
		dst_a1:mdims = 1 ;
		dst_a1:units = "kg/kg" ;
		dst_a1:mixing_ratio = "dry" ;
		dst_a1:long_name = "dst_a1" ;
		dst_a1:cell_methods = "time: point" ;
	double dst_a3(time, lev, ncol_d) ;
		dst_a3:mdims = 1 ;
		dst_a3:units = "kg/kg" ;
		dst_a3:mixing_ratio = "dry" ;
		dst_a3:long_name = "dst_a3" ;
		dst_a3:cell_methods = "time: point" ;
	double mom_a1(time, lev, ncol_d) ;
		mom_a1:mdims = 1 ;
		mom_a1:units = "kg/kg" ;
		mom_a1:mixing_ratio = "dry" ;
		mom_a1:long_name = "mom_a1" ;
		mom_a1:cell_methods = "time: point" ;
	double mom_a2(time, lev, ncol_d) ;
		mom_a2:mdims = 1 ;
		mom_a2:units = "kg/kg" ;
		mom_a2:mixing_ratio = "dry" ;
		mom_a2:long_name = "mom_a2" ;
		mom_a2:cell_methods = "time: point" ;
	double mom_a3(time, lev, ncol_d) ;
		mom_a3:mdims = 1 ;
		mom_a3:units = "kg/kg" ;
		mom_a3:mixing_ratio = "dry" ;
		mom_a3:long_name = "mom_a3" ;
		mom_a3:cell_methods = "time: point" ;
	double mom_a4(time, lev, ncol_d) ;
		mom_a4:mdims = 1 ;
		mom_a4:units = "kg/kg" ;
		mom_a4:mixing_ratio = "dry" ;
		mom_a4:long_name = "mom_a4" ;
		mom_a4:cell_methods = "time: point" ;
	double ncl_a1(time, lev, ncol_d) ;
		ncl_a1:mdims = 1 ;
		ncl_a1:units = "kg/kg" ;
		ncl_a1:mixing_ratio = "dry" ;
		ncl_a1:long_name = "ncl_a1" ;
		ncl_a1:cell_methods = "time: point" ;
	double ncl_a2(time, lev, ncol_d) ;
		ncl_a2:mdims = 1 ;
		ncl_a2:units = "kg/kg" ;
		ncl_a2:mixing_ratio = "dry" ;
		ncl_a2:long_name = "ncl_a2" ;
		ncl_a2:cell_methods = "time: point" ;
	double ncl_a3(time, lev, ncol_d) ;
		ncl_a3:mdims = 1 ;
		ncl_a3:units = "kg/kg" ;
		ncl_a3:mixing_ratio = "dry" ;
		ncl_a3:long_name = "ncl_a3" ;
		ncl_a3:cell_methods = "time: point" ;
	double num_a1(time, lev, ncol_d) ;
		num_a1:mdims = 1 ;
		num_a1:units = "kg/kg" ;
		num_a1:mixing_ratio = "dry" ;
		num_a1:long_name = "num_a1" ;
		num_a1:cell_methods = "time: point" ;
	double num_a2(time, lev, ncol_d) ;
		num_a2:mdims = 1 ;
		num_a2:units = "kg/kg" ;
		num_a2:mixing_ratio = "dry" ;
		num_a2:long_name = "num_a2" ;
		num_a2:cell_methods = "time: point" ;
	double num_a3(time, lev, ncol_d) ;
		num_a3:mdims = 1 ;
		num_a3:units = "kg/kg" ;
		num_a3:mixing_ratio = "dry" ;
		num_a3:long_name = "num_a3" ;
		num_a3:cell_methods = "time: point" ;
	double num_a4(time, lev, ncol_d) ;
		num_a4:mdims = 1 ;
		num_a4:units = "kg/kg" ;
		num_a4:mixing_ratio = "dry" ;
		num_a4:long_name = "num_a4" ;
		num_a4:cell_methods = "time: point" ;
	double pom_a1(time, lev, ncol_d) ;
		pom_a1:mdims = 1 ;
		pom_a1:units = "kg/kg" ;
		pom_a1:mixing_ratio = "dry" ;
		pom_a1:long_name = "pom_a1" ;
		pom_a1:cell_methods = "time: point" ;
	double pom_a3(time, lev, ncol_d) ;
		pom_a3:mdims = 1 ;
		pom_a3:units = "kg/kg" ;
		pom_a3:mixing_ratio = "dry" ;
		pom_a3:long_name = "pom_a3" ;
		pom_a3:cell_methods = "time: point" ;
	double pom_a4(time, lev, ncol_d) ;
		pom_a4:mdims = 1 ;
		pom_a4:units = "kg/kg" ;
		pom_a4:mixing_ratio = "dry" ;
		pom_a4:long_name = "pom_a4" ;
		pom_a4:cell_methods = "time: point" ;
	double so4_a1(time, lev, ncol_d) ;
		so4_a1:mdims = 1 ;
		so4_a1:units = "kg/kg" ;
		so4_a1:mixing_ratio = "dry" ;
		so4_a1:long_name = "so4_a1" ;
		so4_a1:cell_methods = "time: point" ;
	double so4_a2(time, lev, ncol_d) ;
		so4_a2:mdims = 1 ;
		so4_a2:units = "kg/kg" ;
		so4_a2:mixing_ratio = "dry" ;
		so4_a2:long_name = "so4_a2" ;
		so4_a2:cell_methods = "time: point" ;
	double so4_a3(time, lev, ncol_d) ;
		so4_a3:mdims = 1 ;
		so4_a3:units = "kg/kg" ;
		so4_a3:mixing_ratio = "dry" ;
		so4_a3:long_name = "so4_a3" ;
		so4_a3:cell_methods = "time: point" ;
	double soa_a1(time, lev, ncol_d) ;
		soa_a1:mdims = 1 ;
		soa_a1:units = "kg/kg" ;
		soa_a1:mixing_ratio = "dry" ;
		soa_a1:long_name = "soa_a1" ;
		soa_a1:cell_methods = "time: point" ;
	double soa_a2(time, lev, ncol_d) ;
		soa_a2:mdims = 1 ;
		soa_a2:units = "kg/kg" ;
		soa_a2:mixing_ratio = "dry" ;
		soa_a2:long_name = "soa_a2" ;
		soa_a2:cell_methods = "time: point" ;
	double soa_a3(time, lev, ncol_d) ;
		soa_a3:mdims = 1 ;
		soa_a3:units = "kg/kg" ;
		soa_a3:mixing_ratio = "dry" ;
		soa_a3:long_name = "soa_a3" ;
		soa_a3:cell_methods = "time: point" ;

// global attributes:
		:ne = 30 ;
		:fv_nphys = 2 ;
		:np = 4 ;
		:title = "EAM History file information" ;
		:source = "E3SM Atmosphere Model" ;
		:source_id = "78b3da9" ;
		:product = "model-output" ;
		:realm = "atmos" ;
		:case = "e3sm_v2_free_F20TR_ne30pg2_EC30to60E2r2" ;
		:username = "zhan391" ;
		:hostname = "compy" ;
		:git_version = "78b3da9" ;
		:history = "created on 02/03/22 18:28:43" ;
		:Conventions = "CF-1.7" ;
		:institution_id = "E3SM-Project" ;
		:institution = "LLNL (Lawrence Livermore National Laboratory, Livermore, CA 94550, USA); ANL (Argonne National Laboratory, Argonne, IL 60439, USA); BNL (Brookhaven National Laboratory, Upton, NY 11973, USA); LANL (Los Alamos National Laboratory, Los Alamos, NM 87545, USA); LBNL (Lawrence Berkeley National Laboratory, Berkeley, CA 94720, USA); ORNL (Oak Ridge National Laboratory, Oak Ridge, TN 37831, USA); PNNL (Pacific Northwest National Laboratory, Richland, WA 99352, USA); SNL (Sandia National Laboratories, Albuquerque, NM 87185, USA). Mailing address: LLNL Climate Program, c/o David C. Bader, Principal Investigator, L-103, 7000 East Avenue, Livermore, CA 94550, USA" ;
		:contact = "e3sm-data-support@listserv.llnl.gov" ;
		:initial_file = "v2.LR.historical_0101.eam.i.2009-01-01-00000.nc" ;
		:topography_file = "/compyfs/inputdata/atm/cam/topo/USGS-gtopo30_ne30np4pg2_16xdel2.c20200108.nc" ;
		:time_period_freq = "day_1" ;
}
