nohup: ignoring input
 
WRAPIT Version: 120209
COMPILING MAKEIC.f90
LINKING
END WRAPIT
 
2009  /  02  /  01
2009  /  02  /  02
2009  /  02  /  03
2009  /  02  /  04
2009  /  02  /  05
2009  /  02  /  06
2009  /  02  /  07
2009  /  02  /  08
2009  /  02  /  09
2009  /  02  /  10
2009  /  02  /  11
2009  /  02  /  12
2009  /  02  /  13
2009  /  02  /  14
2009  /  02  /  15
2009  /  02  /  16
2009  /  02  /  17
2009  /  02  /  18
2009  /  02  /  19
2009  /  02  /  20
2009  /  02  /  21
2009  /  02  /  22
2009  /  02  /  23
2009  /  02  /  24
2009  /  02  /  25
2009  /  02  /  26
2009  /  02  /  27
2009  /  02  /  28
